<?xml version="1.0" encoding="UTF-8"?>
<testsuite xmlns:xsi="http://www.w3.org/2001/XMLSchema-instance" xsi:noNamespaceSchemaLocation="https://maven.apache.org/surefire/maven-surefire-plugin/xsd/surefire-test-report-3.0.xsd" version="3.0" name="stonestactoe.models.BoardGameModelTest" time="0.365" tests="6" errors="0" skipped="0" failures="0">
  <properties>
[...]
</properties>
  <testcase name="hasFinished" classname="stonestactoe.models.BoardGameModelTest" time="0.23"/>
  <testcase name="checkHorizontal" classname="stonestactoe.models.BoardGameModelTest" time="0.002"/>
  <testcase name="move" classname="stonestactoe.models.BoardGameModelTest" time="0.008"/>
  <testcase name="checkVertical" classname="stonestactoe.models.BoardGameModelTest" time="0.002"/>
  <testcase name="cellProperty" classname="stonestactoe.models.BoardGameModelTest" time="0.008"/>
  <testcase name="getMoveCount" classname="stonestactoe.models.BoardGameModelTest" time="0.001"/>
</testsuite>